<?xml version="1.0" encoding="UTF-8"?>
<!-- Generated by org.testng.reporters.JUnitReportReporter -->
<testsuite hostname="RICKU" failures="0" tests="2" name="MyTests.TestExecution" time="17.883" errors="0" timestamp="2023-09-06T22:38:47 IST" skipped="0">
  <testcase classname="MyTests.TestExecution" name="create" time="13.500">
    <system-out>
      <![CDATA[Create]]>
    </system-out>
  </testcase> <!-- create -->
  <testcase classname="MyTests.TestExecution" name="modify" time="4.383">
    <system-out>
      <![CDATA[Modify]]>
    </system-out>
  </testcase> <!-- modify -->
  <system-out>
    <![CDATA[Open
Login
Create
Logout
Login
Modify
Logout
Close]]>
  </system-out>
</testsuite> <!-- MyTests.TestExecution -->
